[WARNING] cdn.tailwindcss.com should not be used in production. To use Tailwind CSS in production, install it as a PostCSS plugin or use the Tailwind CLI: https://tailwindcss.com/docs/installation
[WARNING] cdn.tailwindcss.com should not be used in production. To use Tailwind CSS in production, install it as a PostCSS plugin or use the Tailwind CLI: https://tailwindcss.com/docs/installation
[LOG] Task Submissions: {status: success, data: Array(4)}
[LOG] Exam Submissions: {status: success, data: Array(0)}
[LOG] All Exams: {status: success, data: Array(4)}
[LOG] [DEBUG] Raw allExams.data: [
  {
    "examenId": "EXM-1768097982548",
    "titulo": "Examen de Prueba",
    "asignatura": "Bases de Datos",
    "grado": "Undécimo",
    "seccion": "",
    "fechaLimite": "2025-12-31T00:00:00.000Z",
    "estado": "Activo"
  },
  {
    "examenId": "EXM-1768106754748",
    "titulo": "Evaluación iI parcial",
    "asignatura": "Análisis y diseño",
    "grado": "Décimo",
    "seccion": "A",
    "fechaLimite": "2026-01-10T00:00:00.000Z",
    "estado": "Activo"
  },
  {
    "examenId": "EXM-1768166170348",
    "titulo": "Evaluación prueba",
    "asignatura": "Informatica",
    "grado": "Décimo",
    "seccion": "A",
    "fechaLimite": "2026-01-11T00:00:00.000Z",
    "estado": "Activo"
  },
  {
    "examenId": "EXM-1768409851991",
    "titulo": "Nuevo examen ",
    "asignatura": "Informatica",
    "grado": "Décimo",
    "seccion": "A",
    "fechaLimite": "2026-01-14T00:00:00.000Z",
    "estado": "Inactivo"
  }
]
[LOG] Final Activity List: [Object, Object, Object, Object, Object, Object, Object, Object]
[LOG] [DEBUG] Final allActivity before render: [
  {
    "tipo": "Tarea",
    "entregaId": "ENT-1768409977583",
    "titulo": "Nueva tarea",
    "alumnoNombre": "Juanito Pérez ",
    "fecha": "1/14/2026, 2:59:37 AM",
    "fileId": "1xs3WmFj_JKnBzbqol7Vdf_njggQ25edk",
    "mimeType": null,
    "calificacion": 5,
    "estado": "Revisada",
    "comentario": ""
  },
  {
    "tipo": "Tarea",
    "entregaId": "ENT-1768312904789",
    "titulo": "Tarea1",
    "alumnoNombre": "Juanito Pérez ",
    "fecha": "1/13/2026, 12:01:44 AM",
    "fileId": "https://drive.google.com/file/d/1SKiTSVT8fyR5T1PLy8q-adrmBWtQaVxm/view?usp=drivesdk",
    "mimeType": null,
    "calificacion": 5,
    "estado": "Revisada",
    "comentario": ""
  },
  {
    "tipo": "Tarea",
    "entregaId": "ENT-1768106808064",
    "titulo": "Tarea de Prueba",
    "alumnoNombre": "Juanito Pérez ",
    "fecha": "1/10/2026, 2:46:48 PM",
    "fileId": "1k91UF6RDxSMdOMUhcnceaCovlZJMzwfr",
    "mimeType": null,
    "calificacion": "",
    "estado": "Pendiente",
    "comentario": ""
  },
  {
    "tipo": "Tarea",
    "entregaId": "ENT-1768081500683",
    "titulo": "Tarea1",
    "alumnoNombre": "Juanito Pérez ",
    "fecha": "1/10/2026, 7:45:00 AM",
    "fileId": "https://drive.google.com/file/d/1qMYH8KeqCKJ1Ba53ZybZBu3uuycZBWsn/view?usp=drivesdk",
    "mimeType": null,
    "calificacion": 5,
    "estado": "Revisada",
    "comentario": ""
  },
  {
    "examenId": "EXM-1768097982548",
    "titulo": "Examen de Prueba",
    "asignatura": "Bases de Datos",
    "grado": "Undécimo",
    "seccion": "",
    "fechaLimite": "2025-12-31T00:00:00.000Z",
    "estado": "Activo",
    "tipo": "Examen"
  },
  {
    "examenId": "EXM-1768106754748",
    "titulo": "Evaluación iI parcial",
    "asignatura": "Análisis y diseño",
    "grado": "Décimo",
    "seccion": "A",
    "fechaLimite": "2026-01-10T00:00:00.000Z",
    "estado": "Activo",
    "tipo": "Examen"
  },
  {
    "examenId": "EXM-1768166170348",
    "titulo": "Evaluación prueba",
    "asignatura": "Informatica",
    "grado": "Décimo",
    "seccion": "A",
    "fechaLimite": "2026-01-11T00:00:00.000Z",
    "estado": "Activo",
    "tipo": "Examen"
  },
  {
    "examenId": "EXM-1768409851991",
    "titulo": "Nuevo examen ",
    "asignatura": "Informatica",
    "grado": "Décimo",
    "seccion": "A",
    "fechaLimite": "2026-01-14T00:00:00.000Z",
    "estado": "Inactivo",
    "tipo": "Examen"
  }
]
